<?xml version="1.0" encoding="UTF-8"?>
<!-- Generated by org.testng.reporters.JUnitReportReporter -->
<testsuite skipped="0" hostname="Fortunes-MacBook-Pro.local" name="com.example.springbootforautomation.tests.TestngForTest" tests="2" failures="0" timestamp="01 Dec 2019 09:57:52 GMT" time="0.000" errors="0">
  <testcase name="test1" time="0.000" classname="com.example.springbootforautomation.tests.TestngForTest"/>
  <testcase name="test2" time="0.000" classname="com.example.springbootforautomation.tests.TestngForTest"/>
</testsuite> <!-- com.example.springbootforautomation.tests.TestngForTest -->
